0 info it worked if it ends with ok
1 verbose cli [ 'node', '/usr/local/bin/npm', 'link' ]
2 info using npm@1.4.28
3 info using node@v0.10.33
4 verbose linkPkg /Users/aryan/gd/Projects/thes
5 verbose link build target /usr/local/lib/node_modules/thes
6 verbose install where,what [ '/Users/aryan/gd/Projects/thes', [] ]
7 verbose readDependencies using package.json deps
8 verbose install where, deps [ '/Users/aryan/gd/Projects/thes',
8 verbose install   [ 'http-get-shim', 'optimist', 'prettyjson' ] ]
9 info preinstall thes@0.0.1
10 verbose readDependencies using package.json deps
11 verbose already installed skipping prettyjson@^1.1.0 /Users/aryan/gd/Projects/thes
12 verbose already installed skipping http-get-shim@^0.1.1 /Users/aryan/gd/Projects/thes
13 verbose already installed skipping optimist@^0.6.1 /Users/aryan/gd/Projects/thes
14 silly resolved []
15 info build /Users/aryan/gd/Projects/thes
16 verbose linkStuff [ false, false, false, '/Users/aryan/gd/Projects' ]
17 info linkStuff thes@0.0.1
18 verbose linkBins thes@0.0.1
19 verbose linkMans thes@0.0.1
20 verbose rebuildBundles thes@0.0.1
21 verbose rebuildBundles [ '.bin', 'http-get-shim', 'optimist', 'prettyjson' ]
22 info install thes@0.0.1
23 info postinstall thes@0.0.1
24 info prepublish thes@0.0.1
25 info build /usr/local/lib/node_modules/thes
26 verbose linkStuff [ true,
26 verbose linkStuff   '/usr/local/lib/node_modules',
26 verbose linkStuff   true,
26 verbose linkStuff   '/usr/local/lib/node_modules' ]
27 info linkStuff thes@0.0.1
28 verbose linkBins thes@0.0.1
29 verbose link bins [ { thes: 'thes.js' }, '/usr/local/bin', true ]
30 verbose linkMans thes@0.0.1
31 error Error: ENOENT, chmod '/usr/local/lib/node_modules/thes/thes.js'
32 error If you need help, you may report this *entire* log,
32 error including the npm and node versions, at:
32 error     <http://github.com/npm/npm/issues>
33 error System Darwin 13.4.0
34 error command "node" "/usr/local/bin/npm" "link"
35 error cwd /Users/aryan/gd/Projects/thes
36 error node -v v0.10.33
37 error npm -v 1.4.28
38 error path /usr/local/lib/node_modules/thes/thes.js
39 error code ENOENT
40 error errno 34
41 verbose exit [ 34, true ]
